2026-04-25T00:43:47.707Z  INFO 16676 --- [Assurance_examen] [main] c.r.u.AssuranceExamenApplicationTests    : Starting AssuranceExamenApplicationTests using Java 17.0.12 with PID 16676 (started by DELL in C:\Users\DELL\Downloads\examuam-main)
2026-04-25T00:43:47.728Z DEBUG 16676 --- [Assurance_examen] [main] c.r.u.AssuranceExamenApplicationTests    : Running with Spring Boot v3.2.4, Spring v6.1.5
2026-04-25T00:43:47.771Z  INFO 16676 --- [Assurance_examen] [main] c.r.u.AssuranceExamenApplicationTests    : No active profile set, falling back to 1 default profile: "default"
2026-04-25T00:43:47.979Z DEBUG 16676 --- [Assurance_examen] [main] o.s.w.c.s.GenericWebApplicationContext   : Refreshing org.springframework.web.context.support.GenericWebApplicationContext@67d4c48d
2026-04-25T00:43:51.140Z  INFO 16676 --- [Assurance_examen] [main] .s.d.r.c.RepositoryConfigurationDelegate : Bootstrapping Spring Data JPA repositories in DEFAULT mode.
2026-04-25T00:43:51.376Z  INFO 16676 --- [Assurance_examen] [main] .s.d.r.c.RepositoryConfigurationDelegate : Finished Spring Data repository scanning in 203 ms. Found 1 JPA repository interface.
2026-04-25T00:43:53.153Z  INFO 16676 --- [Assurance_examen] [main] o.hibernate.jpa.internal.util.LogHelper  : HHH000204: Processing PersistenceUnitInfo [name: default]
2026-04-25T00:43:53.416Z  INFO 16676 --- [Assurance_examen] [main] org.hibernate.Version                    : HHH000412: Hibernate ORM core version 6.4.4.Final
2026-04-25T00:43:53.604Z  INFO 16676 --- [Assurance_examen] [main] o.h.c.internal.RegionFactoryInitiator    : HHH000026: Second-level cache disabled
2026-04-25T00:43:54.906Z  INFO 16676 --- [Assurance_examen] [main] o.s.o.j.p.SpringPersistenceUnitInfo      : No LoadTimeWeaver setup: ignoring JPA class transformer
2026-04-25T00:43:55.064Z  INFO 16676 --- [Assurance_examen] [main] com.zaxxer.hikari.HikariDataSource       : HikariPool-1 - Starting...
2026-04-25T00:43:55.816Z  INFO 16676 --- [Assurance_examen] [main] com.zaxxer.hikari.pool.HikariPool        : HikariPool-1 - Added connection com.mysql.cj.jdbc.ConnectionImpl@4c110f87
2026-04-25T00:43:55.822Z  INFO 16676 --- [Assurance_examen] [main] com.zaxxer.hikari.HikariDataSource       : HikariPool-1 - Start completed.
2026-04-25T00:43:56.017Z  WARN 16676 --- [Assurance_examen] [main] org.hibernate.orm.deprecation            : HHH90000025: MySQL8Dialect does not need to be specified explicitly using 'hibernate.dialect' (remove the property setting and it will be selected by default)
2026-04-25T00:43:56.021Z  WARN 16676 --- [Assurance_examen] [main] org.hibernate.orm.deprecation            : HHH90000026: MySQL8Dialect has been deprecated; use org.hibernate.dialect.MySQLDialect instead
2026-04-25T00:43:59.144Z  INFO 16676 --- [Assurance_examen] [main] o.h.e.t.j.p.i.JtaPlatformInitiator       : HHH000489: No JTA platform available (set 'hibernate.transaction.jta.platform' to enable JTA platform integration)
2026-04-25T00:43:59.328Z  INFO 16676 --- [Assurance_examen] [main] j.LocalContainerEntityManagerFactoryBean : Initialized JPA EntityManagerFactory for persistence unit 'default'
2026-04-25T00:44:01.108Z DEBUG 16676 --- [Assurance_examen] [main] s.w.s.m.m.a.RequestMappingHandlerMapping : 14 mappings in 'requestMappingHandlerMapping'
2026-04-25T00:44:01.498Z DEBUG 16676 --- [Assurance_examen] [main] o.s.w.s.handler.SimpleUrlHandlerMapping  : Patterns [/webjars/**, /**] in 'resourceHandlerMapping'
2026-04-25T00:44:01.596Z DEBUG 16676 --- [Assurance_examen] [main] s.w.s.m.m.a.RequestMappingHandlerAdapter : ControllerAdvice beans: 0 @ModelAttribute, 0 @InitBinder, 1 RequestBodyAdvice, 1 ResponseBodyAdvice
2026-04-25T00:44:01.722Z DEBUG 16676 --- [Assurance_examen] [main] .m.m.a.ExceptionHandlerExceptionResolver : ControllerAdvice beans: 1 @ExceptionHandler, 1 ResponseBodyAdvice
2026-04-25T00:44:01.993Z  INFO 16676 --- [Assurance_examen] [main] c.r.u.AssuranceExamenApplicationTests    : Started AssuranceExamenApplicationTests in 15.86 seconds (process running for 21.068)
2026-04-25T00:44:04.154Z  INFO 16676 --- [Assurance_examen] [main] c.r.u.s.impl.PartenaireServiceImpl       : Création d'un nouveau partenaire: AXA Assurance
2026-04-25T00:44:04.176Z  INFO 16676 --- [Assurance_examen] [main] c.r.u.s.impl.PartenaireServiceImpl       : Partenaire créé avec succčs - ID: 1
2026-04-25T00:44:04.820Z  INFO 16676 --- [Assurance_examen] [main] c.r.u.s.impl.PartenaireServiceImpl       : Recherche du partenaire avec ID: 1
2026-04-25T00:44:04.845Z  INFO 16676 --- [Assurance_examen] [main] c.r.u.s.impl.PartenaireServiceImpl       : Création d'un nouveau partenaire: AXA Assurance
2026-04-25T00:44:04.847Z  WARN 16676 --- [Assurance_examen] [main] c.r.u.s.impl.PartenaireServiceImpl       : Tentative de création avec email existant: contact@axa.sn
2026-04-25T00:44:04.878Z  INFO 16676 --- [Assurance_examen] [main] c.r.u.s.impl.PartenaireServiceImpl       : Suppression du partenaire ID: 999
2026-04-25T00:44:04.903Z  INFO 16676 --- [Assurance_examen] [main] c.r.u.s.impl.PartenaireServiceImpl       : Suppression du partenaire ID: 1
2026-04-25T00:44:04.905Z  INFO 16676 --- [Assurance_examen] [main] c.r.u.s.impl.PartenaireServiceImpl       : Partenaire supprimé avec succčs - ID: 1
2026-04-25T00:44:04.922Z  INFO 16676 --- [Assurance_examen] [main] c.r.u.s.impl.PartenaireServiceImpl       : Recherche du partenaire avec ID: 999
2026-04-25T00:44:04.988Z DEBUG 16676 --- [Assurance_examen] [SpringApplicationShutdownHook] o.s.w.c.s.GenericWebApplicationContext   : Closing org.springframework.web.context.support.GenericWebApplicationContext@67d4c48d, started on Sat Apr 25 00:43:47 GMT 2026
2026-04-25T00:44:05.532Z  INFO 16676 --- [Assurance_examen] [SpringApplicationShutdownHook] j.LocalContainerEntityManagerFactoryBean : Closing JPA EntityManagerFactory for persistence unit 'default'
2026-04-25T00:44:05.542Z  INFO 16676 --- [Assurance_examen] [SpringApplicationShutdownHook] com.zaxxer.hikari.HikariDataSource       : HikariPool-1 - Shutdown initiated...
2026-04-25T00:44:05.580Z  INFO 16676 --- [Assurance_examen] [SpringApplicationShutdownHook] com.zaxxer.hikari.HikariDataSource       : HikariPool-1 - Shutdown completed.
